2013-05-20 20:56:50,211  WARN NetworkChangeEventsParser:181 Link null not found!
2013-05-20 20:56:50,211  WARN AbstractController$2:79 Getting uncaught Exception in Thread AWT-EventQueue-0
org.matsim.core.utils.io.UncheckedIOException: org.xml.sax.SAXParseException: cvc-datatype-valid.1.2.1: 'null' is not a valid value for 'time'.
	at org.matsim.core.utils.io.MatsimXmlParser.parse(MatsimXmlParser.java:176)
	at org.matsim.core.utils.io.MatsimXmlParser.parse(MatsimXmlParser.java:144)
	at org.matsim.core.network.NetworkChangeEventsParser.parse(NetworkChangeEventsParser.java:120)
	at org.matsim.core.scenario.ScenarioLoaderImpl.loadNetwork(ScenarioLoaderImpl.java:182)
	at org.matsim.core.scenario.ScenarioLoaderImpl.loadScenario(ScenarioLoaderImpl.java:136)
	at org.matsim.core.scenario.ScenarioLoaderImpl.loadScenario(ScenarioLoaderImpl.java:79)
	at org.matsim.core.scenario.ScenarioUtils.loadScenario(ScenarioUtils.java:54)
	at org.matsim.core.controler.Controler.loadData(Controler.java:383)
	at org.matsim.core.controler.Controler.run(Controler.java:326)
	at org.mugsandcoffee.CreateOutput.generateOutput(CreateOutput.java:21)
	at org.menu_builder.mainMenu$4.actionPerformed(mainMenu.java:110)
	at javax.swing.AbstractButton.fireActionPerformed(Unknown Source)
	at javax.swing.AbstractButton$Handler.actionPerformed(Unknown Source)
	at javax.swing.DefaultButtonModel.fireActionPerformed(Unknown Source)
	at javax.swing.DefaultButtonModel.setPressed(Unknown Source)
	at javax.swing.plaf.basic.BasicButtonListener.mouseReleased(Unknown Source)
	at java.awt.Component.processMouseEvent(Unknown Source)
	at javax.swing.JComponent.processMouseEvent(Unknown Source)
	at java.awt.Component.processEvent(Unknown Source)
	at java.awt.Container.processEvent(Unknown Source)
	at java.awt.Component.dispatchEventImpl(Unknown Source)
	at java.awt.Container.dispatchEventImpl(Unknown Source)
	at java.awt.Component.dispatchEvent(Unknown Source)
	at java.awt.LightweightDispatcher.retargetMouseEvent(Unknown Source)
	at java.awt.LightweightDispatcher.processMouseEvent(Unknown Source)
	at java.awt.LightweightDispatcher.dispatchEvent(Unknown Source)
	at java.awt.Container.dispatchEventImpl(Unknown Source)
	at java.awt.Window.dispatchEventImpl(Unknown Source)
	at java.awt.Component.dispatchEvent(Unknown Source)
	at java.awt.EventQueue.dispatchEvent(Unknown Source)
	at java.awt.EventDispatchThread.pumpOneEventForFilters(Unknown Source)
	at java.awt.EventDispatchThread.pumpEventsForFilter(Unknown Source)
	at java.awt.EventDispatchThread.pumpEventsForHierarchy(Unknown Source)
	at java.awt.EventDispatchThread.pumpEvents(Unknown Source)
	at java.awt.EventDispatchThread.pumpEvents(Unknown Source)
	at java.awt.EventDispatchThread.run(Unknown Source)
Caused by: org.xml.sax.SAXParseException: cvc-datatype-valid.1.2.1: 'null' is not a valid value for 'time'.
	at org.apache.xerces.util.ErrorHandlerWrapper.createSAXParseException(Unknown Source)
	at org.apache.xerces.util.ErrorHandlerWrapper.error(Unknown Source)
	at org.apache.xerces.impl.XMLErrorReporter.reportError(Unknown Source)
	at org.apache.xerces.impl.XMLErrorReporter.reportError(Unknown Source)
	at org.apache.xerces.impl.xs.XMLSchemaValidator$XSIErrorReporter.reportError(Unknown Source)
	at org.apache.xerces.impl.xs.XMLSchemaValidator.reportSchemaError(Unknown Source)
	at org.apache.xerces.impl.xs.XMLSchemaValidator.processOneAttribute(Unknown Source)
	at org.apache.xerces.impl.xs.XMLSchemaValidator.processAttributes(Unknown Source)
	at org.apache.xerces.impl.xs.XMLSchemaValidator.handleStartElement(Unknown Source)
	at org.apache.xerces.impl.xs.XMLSchemaValidator.startElement(Unknown Source)
	at org.apache.xerces.impl.XMLNSDocumentScannerImpl.scanStartElement(Unknown Source)
	at org.apache.xerces.impl.XMLDocumentFragmentScannerImpl$FragmentContentDispatcher.dispatch(Unknown Source)
	at org.apache.xerces.impl.XMLDocumentFragmentScannerImpl.scanDocument(Unknown Source)
	at org.apache.xerces.parsers.XML11Configuration.parse(Unknown Source)
	at org.apache.xerces.parsers.XML11Configuration.parse(Unknown Source)
	at org.apache.xerces.parsers.XMLParser.parse(Unknown Source)
	at org.apache.xerces.parsers.AbstractSAXParser.parse(Unknown Source)
	at org.apache.xerces.jaxp.SAXParserImpl$JAXPSAXParser.parse(Unknown Source)
	at org.matsim.core.utils.io.MatsimXmlParser.parse(MatsimXmlParser.java:170)
	... 35 more
2013-05-20 20:59:24,265  WARN AbstractController$2:79 Getting uncaught Exception in Thread AWT-EventQueue-0
java.lang.NumberFormatException: null
	at java.lang.Integer.parseInt(Unknown Source)
	at java.lang.Integer.parseInt(Unknown Source)
	at org.menu_builder.mainMenu$5.actionPerformed(mainMenu.java:123)
	at javax.swing.AbstractButton.fireActionPerformed(Unknown Source)
	at javax.swing.AbstractButton$Handler.actionPerformed(Unknown Source)
	at javax.swing.DefaultButtonModel.fireActionPerformed(Unknown Source)
	at javax.swing.DefaultButtonModel.setPressed(Unknown Source)
	at javax.swing.plaf.basic.BasicButtonListener.mouseReleased(Unknown Source)
	at java.awt.Component.processMouseEvent(Unknown Source)
	at javax.swing.JComponent.processMouseEvent(Unknown Source)
	at java.awt.Component.processEvent(Unknown Source)
	at java.awt.Container.processEvent(Unknown Source)
	at java.awt.Component.dispatchEventImpl(Unknown Source)
	at java.awt.Container.dispatchEventImpl(Unknown Source)
	at java.awt.Component.dispatchEvent(Unknown Source)
	at java.awt.LightweightDispatcher.retargetMouseEvent(Unknown Source)
	at java.awt.LightweightDispatcher.processMouseEvent(Unknown Source)
	at java.awt.LightweightDispatcher.dispatchEvent(Unknown Source)
	at java.awt.Container.dispatchEventImpl(Unknown Source)
	at java.awt.Window.dispatchEventImpl(Unknown Source)
	at java.awt.Component.dispatchEvent(Unknown Source)
	at java.awt.EventQueue.dispatchEvent(Unknown Source)
	at java.awt.EventDispatchThread.pumpOneEventForFilters(Unknown Source)
	at java.awt.EventDispatchThread.pumpEventsForFilter(Unknown Source)
	at java.awt.EventDispatchThread.pumpEventsForHierarchy(Unknown Source)
	at java.awt.EventDispatchThread.pumpEvents(Unknown Source)
	at java.awt.EventDispatchThread.pumpEvents(Unknown Source)
	at java.awt.EventDispatchThread.run(Unknown Source)
